{"/home/gustaf/git/dbwebb-kurser/pattern/test/src/App.js": {"path":"/home/gustaf/git/dbwebb-kurser/pattern/test/src/App.js","statementMap":{"0":{"start":{"line":15,"column":2},"end":{"line":30,"column":4}}},"fnMap":{"0":{"name":"App","decl":{"start":{"line":14,"column":9},"end":{"line":14,"column":12}},"loc":{"start":{"line":14,"column":15},"end":{"line":31,"column":1}},"line":14}},"branchMap":{},"s":{"0":0},"f":{"0":0},"b":{},"hash":"22bc2704732f9aa2aee233cb97f601090ee336b3"}
,"/home/gustaf/git/dbwebb-kurser/pattern/test/src/index.js": {"path":"/home/gustaf/git/dbwebb-kurser/pattern/test/src/index.js","statementMap":{"0":{"start":{"line":7,"column":0},"end":{"line":12,"column":2}},"1":{"start":{"line":17,"column":0},"end":{"line":17,"column":18}}},"fnMap":{},"branchMap":{},"s":{"0":0,"1":0},"f":{},"b":{},"hash":"34f1c7be84ba7290de7dd9b1e0d3baa674cb28d9"}
,"/home/gustaf/git/dbwebb-kurser/pattern/test/src/reportWebVitals.js": {"path":"/home/gustaf/git/dbwebb-kurser/pattern/test/src/reportWebVitals.js","statementMap":{"0":{"start":{"line":1,"column":24},"end":{"line":11,"column":1}},"1":{"start":{"line":2,"column":2},"end":{"line":10,"column":3}},"2":{"start":{"line":3,"column":4},"end":{"line":9,"column":7}},"3":{"start":{"line":4,"column":6},"end":{"line":4,"column":26}},"4":{"start":{"line":5,"column":6},"end":{"line":5,"column":26}},"5":{"start":{"line":6,"column":6},"end":{"line":6,"column":26}},"6":{"start":{"line":7,"column":6},"end":{"line":7,"column":26}},"7":{"start":{"line":8,"column":6},"end":{"line":8,"column":27}}},"fnMap":{"0":{"name":"(anonymous_0)","decl":{"start":{"line":1,"column":24},"end":{"line":1,"column":25}},"loc":{"start":{"line":1,"column":39},"end":{"line":11,"column":1}},"line":1},"1":{"name":"(anonymous_1)","decl":{"start":{"line":3,"column":30},"end":{"line":3,"column":31}},"loc":{"start":{"line":3,"column":79},"end":{"line":9,"column":5}},"line":3}},"branchMap":{"0":{"loc":{"start":{"line":2,"column":2},"end":{"line":10,"column":3}},"type":"if","locations":[{"start":{"line":2,"column":2},"end":{"line":10,"column":3}},{"start":{"line":2,"column":2},"end":{"line":10,"column":3}}],"line":2},"1":{"loc":{"start":{"line":2,"column":6},"end":{"line":2,"column":52}},"type":"binary-expr","locations":[{"start":{"line":2,"column":6},"end":{"line":2,"column":17}},{"start":{"line":2,"column":21},"end":{"line":2,"column":52}}],"line":2}},"s":{"0":0,"1":0,"2":0,"3":0,"4":0,"5":0,"6":0,"7":0},"f":{"0":0,"1":0},"b":{"0":[0,0],"1":[0,0]},"hash":"c9b1afe2d2e206388347b389ad1ee490b18d9e46"}
,"/home/gustaf/git/dbwebb-kurser/pattern/test/src/test/mochApi.js": {"path":"/home/gustaf/git/dbwebb-kurser/pattern/test/src/test/mochApi.js","statementMap":{"0":{"start":{"line":1,"column":21},"end":{"line":37,"column":1}},"1":{"start":{"line":39,"column":17},"end":{"line":74,"column":1}},"2":{"start":{"line":76,"column":20},"end":{"line":152,"column":1}},"3":{"start":{"line":154,"column":20},"end":{"line":205,"column":1}},"4":{"start":{"line":207,"column":26},"end":{"line":252,"column":1}},"5":{"start":{"line":208,"column":18},"end":{"line":213,"column":5}},"6":{"start":{"line":215,"column":4},"end":{"line":217,"column":5}},"7":{"start":{"line":216,"column":8},"end":{"line":216,"column":28}},"8":{"start":{"line":219,"column":4},"end":{"line":221,"column":5}},"9":{"start":{"line":220,"column":8},"end":{"line":220,"column":31}},"10":{"start":{"line":223,"column":4},"end":{"line":243,"column":5}},"11":{"start":{"line":224,"column":8},"end":{"line":234,"column":9}},"12":{"start":{"line":225,"column":12},"end":{"line":233,"column":13}},"13":{"start":{"line":235,"column":8},"end":{"line":242,"column":9}},"14":{"start":{"line":244,"column":4},"end":{"line":251,"column":5}},"15":{"start":{"line":254,"column":24},"end":{"line":259,"column":1}},"16":{"start":{"line":255,"column":4},"end":{"line":257,"column":5}},"17":{"start":{"line":256,"column":8},"end":{"line":256,"column":28}},"18":{"start":{"line":258,"column":4},"end":{"line":258,"column":16}},"19":{"start":{"line":261,"column":30},"end":{"line":263,"column":1}},"20":{"start":{"line":262,"column":4},"end":{"line":262,"column":72}},"21":{"start":{"line":262,"column":48},"end":{"line":262,"column":70}},"22":{"start":{"line":265,"column":30},"end":{"line":267,"column":1}},"23":{"start":{"line":266,"column":4},"end":{"line":266,"column":72}},"24":{"start":{"line":266,"column":48},"end":{"line":266,"column":70}},"25":{"start":{"line":269,"column":20},"end":{"line":271,"column":1}},"26":{"start":{"line":270,"column":4},"end":{"line":270,"column":20}},"27":{"start":{"line":273,"column":23},"end":{"line":275,"column":1}},"28":{"start":{"line":274,"column":4},"end":{"line":274,"column":23}},"29":{"start":{"line":277,"column":23},"end":{"line":279,"column":1}},"30":{"start":{"line":278,"column":4},"end":{"line":278,"column":23}}},"fnMap":{"0":{"name":"(anonymous_0)","decl":{"start":{"line":207,"column":26},"end":{"line":207,"column":27}},"loc":{"start":{"line":207,"column":36},"end":{"line":252,"column":1}},"line":207},"1":{"name":"(anonymous_1)","decl":{"start":{"line":254,"column":24},"end":{"line":254,"column":25}},"loc":{"start":{"line":254,"column":35},"end":{"line":259,"column":1}},"line":254},"2":{"name":"(anonymous_2)","decl":{"start":{"line":261,"column":30},"end":{"line":261,"column":31}},"loc":{"start":{"line":261,"column":38},"end":{"line":263,"column":1}},"line":261},"3":{"name":"(anonymous_3)","decl":{"start":{"line":262,"column":36},"end":{"line":262,"column":37}},"loc":{"start":{"line":262,"column":47},"end":{"line":262,"column":71}},"line":262},"4":{"name":"(anonymous_4)","decl":{"start":{"line":265,"column":30},"end":{"line":265,"column":31}},"loc":{"start":{"line":265,"column":38},"end":{"line":267,"column":1}},"line":265},"5":{"name":"(anonymous_5)","decl":{"start":{"line":266,"column":36},"end":{"line":266,"column":37}},"loc":{"start":{"line":266,"column":47},"end":{"line":266,"column":71}},"line":266},"6":{"name":"(anonymous_6)","decl":{"start":{"line":269,"column":20},"end":{"line":269,"column":21}},"loc":{"start":{"line":269,"column":26},"end":{"line":271,"column":1}},"line":269},"7":{"name":"(anonymous_7)","decl":{"start":{"line":273,"column":23},"end":{"line":273,"column":24}},"loc":{"start":{"line":273,"column":29},"end":{"line":275,"column":1}},"line":273},"8":{"name":"(anonymous_8)","decl":{"start":{"line":277,"column":23},"end":{"line":277,"column":24}},"loc":{"start":{"line":277,"column":29},"end":{"line":279,"column":1}},"line":277}},"branchMap":{"0":{"loc":{"start":{"line":215,"column":4},"end":{"line":217,"column":5}},"type":"if","locations":[{"start":{"line":215,"column":4},"end":{"line":217,"column":5}},{"start":{"line":215,"column":4},"end":{"line":217,"column":5}}],"line":215},"1":{"loc":{"start":{"line":219,"column":4},"end":{"line":221,"column":5}},"type":"if","locations":[{"start":{"line":219,"column":4},"end":{"line":221,"column":5}},{"start":{"line":219,"column":4},"end":{"line":221,"column":5}}],"line":219},"2":{"loc":{"start":{"line":223,"column":4},"end":{"line":243,"column":5}},"type":"if","locations":[{"start":{"line":223,"column":4},"end":{"line":243,"column":5}},{"start":{"line":223,"column":4},"end":{"line":243,"column":5}}],"line":223},"3":{"loc":{"start":{"line":224,"column":8},"end":{"line":234,"column":9}},"type":"if","locations":[{"start":{"line":224,"column":8},"end":{"line":234,"column":9}},{"start":{"line":224,"column":8},"end":{"line":234,"column":9}}],"line":224},"4":{"loc":{"start":{"line":255,"column":4},"end":{"line":257,"column":5}},"type":"if","locations":[{"start":{"line":255,"column":4},"end":{"line":257,"column":5}},{"start":{"line":255,"column":4},"end":{"line":257,"column":5}}],"line":255}},"s":{"0":1,"1":1,"2":1,"3":1,"4":1,"5":2,"6":2,"7":0,"8":2,"9":0,"10":2,"11":1,"12":1,"13":0,"14":1,"15":1,"16":5,"17":5,"18":0,"19":1,"20":1,"21":3,"22":1,"23":5,"24":15,"25":1,"26":2,"27":1,"28":1,"29":1,"30":1},"f":{"0":2,"1":5,"2":1,"3":3,"4":5,"5":15,"6":2,"7":1,"8":1},"b":{"0":[0,2],"1":[0,2],"2":[1,1],"3":[1,0],"4":[5,0]},"_coverageSchema":"43e27e138ebf9cfc5966b082cf9a028302ed4184","hash":"5f928599de1114306aa9887ff196123bc1ba0b3a"}
,"/home/gustaf/git/dbwebb-kurser/pattern/test/src/view/login.js": {"path":"/home/gustaf/git/dbwebb-kurser/pattern/test/src/view/login.js","statementMap":{"0":{"start":{"line":17,"column":15},"end":{"line":17,"column":38}},"1":{"start":{"line":18,"column":15},"end":{"line":18,"column":53}},"2":{"start":{"line":20,"column":14},"end":{"line":20,"column":27}},"3":{"start":{"line":23,"column":36},"end":{"line":23,"column":50}},"4":{"start":{"line":24,"column":30},"end":{"line":24,"column":42}},"5":{"start":{"line":25,"column":36},"end":{"line":25,"column":48}},"6":{"start":{"line":26,"column":20},"end":{"line":26,"column":32}},"7":{"start":{"line":28,"column":23},"end":{"line":39,"column":5}},"8":{"start":{"line":29,"column":6},"end":{"line":29,"column":29}},"9":{"start":{"line":30,"column":16},"end":{"line":33,"column":8}},"10":{"start":{"line":34,"column":6},"end":{"line":38,"column":7}},"11":{"start":{"line":35,"column":8},"end":{"line":35,"column":28}},"12":{"start":{"line":37,"column":8},"end":{"line":37,"column":56}},"13":{"start":{"line":41,"column":25},"end":{"line":54,"column":3}},"14":{"start":{"line":42,"column":4},"end":{"line":42,"column":27}},"15":{"start":{"line":44,"column":4},"end":{"line":53,"column":6}},"16":{"start":{"line":48,"column":8},"end":{"line":48,"column":66}},"17":{"start":{"line":49,"column":8},"end":{"line":49,"column":64}},"18":{"start":{"line":50,"column":8},"end":{"line":50,"column":35}},"19":{"start":{"line":52,"column":8},"end":{"line":52,"column":56}},"20":{"start":{"line":55,"column":2},"end":{"line":125,"column":3}},"21":{"start":{"line":56,"column":6},"end":{"line":56,"column":41}},"22":{"start":{"line":58,"column":4},"end":{"line":124,"column":8}},"23":{"start":{"line":89,"column":35},"end":{"line":89,"column":59}},"24":{"start":{"line":101,"column":35},"end":{"line":101,"column":62}}},"fnMap":{"0":{"name":"SignIn","decl":{"start":{"line":22,"column":24},"end":{"line":22,"column":30}},"loc":{"start":{"line":22,"column":47},"end":{"line":126,"column":1}},"line":22},"1":{"name":"(anonymous_1)","decl":{"start":{"line":28,"column":23},"end":{"line":28,"column":24}},"loc":{"start":{"line":28,"column":40},"end":{"line":39,"column":5}},"line":28},"2":{"name":"(anonymous_2)","decl":{"start":{"line":41,"column":25},"end":{"line":41,"column":26}},"loc":{"start":{"line":41,"column":36},"end":{"line":54,"column":3}},"line":41},"3":{"name":"(anonymous_3)","decl":{"start":{"line":47,"column":12},"end":{"line":47,"column":13}},"loc":{"start":{"line":47,"column":26},"end":{"line":51,"column":5}},"line":47},"4":{"name":"(anonymous_4)","decl":{"start":{"line":51,"column":13},"end":{"line":51,"column":14}},"loc":{"start":{"line":51,"column":19},"end":{"line":53,"column":5}},"line":51},"5":{"name":"(anonymous_5)","decl":{"start":{"line":89,"column":28},"end":{"line":89,"column":29}},"loc":{"start":{"line":89,"column":35},"end":{"line":89,"column":59}},"line":89},"6":{"name":"(anonymous_6)","decl":{"start":{"line":101,"column":28},"end":{"line":101,"column":29}},"loc":{"start":{"line":101,"column":35},"end":{"line":101,"column":62}},"line":101}},"branchMap":{"0":{"loc":{"start":{"line":22,"column":32},"end":{"line":22,"column":44}},"type":"default-arg","locations":[{"start":{"line":22,"column":39},"end":{"line":22,"column":44}}],"line":22},"1":{"loc":{"start":{"line":35,"column":8},"end":{"line":35,"column":28}},"type":"if","locations":[{"start":{"line":35,"column":8},"end":{"line":35,"column":28}},{"start":{"line":35,"column":8},"end":{"line":35,"column":28}}],"line":35},"2":{"loc":{"start":{"line":55,"column":2},"end":{"line":125,"column":3}},"type":"if","locations":[{"start":{"line":55,"column":2},"end":{"line":125,"column":3}},{"start":{"line":55,"column":2},"end":{"line":125,"column":3}}],"line":55},"3":{"loc":{"start":{"line":79,"column":46},"end":{"line":79,"column":79}},"type":"cond-expr","locations":[{"start":{"line":79,"column":54},"end":{"line":79,"column":66}},{"start":{"line":79,"column":69},"end":{"line":79,"column":79}}],"line":79}},"s":{"0":1,"1":1,"2":1,"3":5,"4":5,"5":5,"6":5,"7":5,"8":2,"9":2,"10":2,"11":2,"12":1,"13":5,"14":0,"15":0,"16":0,"17":0,"18":0,"19":0,"20":5,"21":0,"22":5,"23":2,"24":2},"f":{"0":5,"1":2,"2":0,"3":0,"4":0,"5":2,"6":2},"b":{"0":[0],"1":[1,0],"2":[0,5],"3":[0,5]},"_coverageSchema":"43e27e138ebf9cfc5966b082cf9a028302ed4184","hash":"e651748353133bdb626622266d1b9f052189112e"}
,"/home/gustaf/git/dbwebb-kurser/pattern/test/src/view/admin/Dashboard.js": {"path":"/home/gustaf/git/dbwebb-kurser/pattern/test/src/view/admin/Dashboard.js","statementMap":{"0":{"start":{"line":23,"column":20},"end":{"line":23,"column":23}},"1":{"start":{"line":25,"column":15},"end":{"line":41,"column":3}},"2":{"start":{"line":26,"column":31},"end":{"line":26,"column":46}},"3":{"start":{"line":27,"column":25},"end":{"line":41,"column":1}},"4":{"start":{"line":43,"column":15},"end":{"line":67,"column":1}},"5":{"start":{"line":43,"column":64},"end":{"line":43,"column":79}},"6":{"start":{"line":44,"column":24},"end":{"line":66,"column":3}},"7":{"start":{"line":69,"column":16},"end":{"line":69,"column":29}},"8":{"start":{"line":72,"column":26},"end":{"line":72,"column":46}},"9":{"start":{"line":73,"column":18},"end":{"line":73,"column":30}},"10":{"start":{"line":74,"column":23},"end":{"line":76,"column":3}},"11":{"start":{"line":75,"column":4},"end":{"line":75,"column":19}},"12":{"start":{"line":77,"column":2},"end":{"line":160,"column":5}},"13":{"start":{"line":78,"column":4},"end":{"line":157,"column":6}},"14":{"start":{"line":111,"column":16},"end":{"line":111,"column":39}},"15":{"start":{"line":112,"column":16},"end":{"line":112,"column":34}},"16":{"start":{"line":138,"column":16},"end":{"line":140,"column":43}},"17":{"start":{"line":159,"column":8},"end":{"line":159,"column":33}},"18":{"start":{"line":164,"column":2},"end":{"line":195,"column":4}},"19":{"start":{"line":199,"column":2},"end":{"line":199,"column":59}}},"fnMap":{"0":{"name":"(anonymous_0)","decl":{"start":{"line":26,"column":21},"end":{"line":26,"column":22}},"loc":{"start":{"line":26,"column":31},"end":{"line":26,"column":46}},"line":26},"1":{"name":"(anonymous_1)","decl":{"start":{"line":27,"column":3},"end":{"line":27,"column":4}},"loc":{"start":{"line":27,"column":25},"end":{"line":41,"column":1}},"line":27},"2":{"name":"(anonymous_2)","decl":{"start":{"line":43,"column":54},"end":{"line":43,"column":55}},"loc":{"start":{"line":43,"column":64},"end":{"line":43,"column":79}},"line":43},"3":{"name":"(anonymous_3)","decl":{"start":{"line":44,"column":2},"end":{"line":44,"column":3}},"loc":{"start":{"line":44,"column":24},"end":{"line":66,"column":3}},"line":44},"4":{"name":"DashboardTemplate","decl":{"start":{"line":71,"column":16},"end":{"line":71,"column":33}},"loc":{"start":{"line":71,"column":58},"end":{"line":161,"column":1}},"line":71},"5":{"name":"(anonymous_5)","decl":{"start":{"line":74,"column":23},"end":{"line":74,"column":24}},"loc":{"start":{"line":74,"column":29},"end":{"line":76,"column":3}},"line":74},"6":{"name":"(anonymous_6)","decl":{"start":{"line":110,"column":47},"end":{"line":110,"column":48}},"loc":{"start":{"line":110,"column":53},"end":{"line":113,"column":17}},"line":110},"7":{"name":"(anonymous_7)","decl":{"start":{"line":137,"column":31},"end":{"line":137,"column":32}},"loc":{"start":{"line":138,"column":16},"end":{"line":140,"column":43}},"line":138},"8":{"name":"DashboardContent","decl":{"start":{"line":163,"column":9},"end":{"line":163,"column":25}},"loc":{"start":{"line":163,"column":28},"end":{"line":196,"column":1}},"line":163},"9":{"name":"Dashboard","decl":{"start":{"line":198,"column":24},"end":{"line":198,"column":33}},"loc":{"start":{"line":198,"column":36},"end":{"line":200,"column":1}},"line":198}},"branchMap":{"0":{"loc":{"start":{"line":33,"column":6},"end":{"line":40,"column":3}},"type":"binary-expr","locations":[{"start":{"line":33,"column":6},"end":{"line":33,"column":10}},{"start":{"line":33,"column":14},"end":{"line":40,"column":3}}],"line":33},"1":{"loc":{"start":{"line":54,"column":10},"end":{"line":64,"column":7}},"type":"binary-expr","locations":[{"start":{"line":54,"column":10},"end":{"line":54,"column":15}},{"start":{"line":54,"column":19},"end":{"line":64,"column":7}}],"line":54},"2":{"loc":{"start":{"line":77,"column":2},"end":{"line":160,"column":5}},"type":"if","locations":[{"start":{"line":77,"column":2},"end":{"line":160,"column":5}},{"start":{"line":77,"column":2},"end":{"line":160,"column":5}}],"line":77},"3":{"loc":{"start":{"line":95,"column":22},"end":{"line":95,"column":49}},"type":"binary-expr","locations":[{"start":{"line":95,"column":22},"end":{"line":95,"column":26}},{"start":{"line":95,"column":30},"end":{"line":95,"column":49}}],"line":95},"4":{"loc":{"start":{"line":138,"column":16},"end":{"line":140,"column":43}},"type":"cond-expr","locations":[{"start":{"line":139,"column":20},"end":{"line":139,"column":43}},{"start":{"line":140,"column":20},"end":{"line":140,"column":43}}],"line":138}},"s":{"0":1,"1":1,"2":1,"3":0,"4":1,"5":1,"6":0,"7":1,"8":0,"9":0,"10":0,"11":0,"12":0,"13":0,"14":0,"15":0,"16":0,"17":0,"18":0,"19":0},"f":{"0":1,"1":0,"2":1,"3":0,"4":0,"5":0,"6":0,"7":0,"8":0,"9":0},"b":{"0":[0,0],"1":[0,0],"2":[0,0],"3":[0,0],"4":[0,0]},"_coverageSchema":"43e27e138ebf9cfc5966b082cf9a028302ed4184","hash":"1027271386421324d92e0e02677263cf8c0ecf46"}
,"/home/gustaf/git/dbwebb-kurser/pattern/test/src/view/admin/components/listItems.js": {"path":"/home/gustaf/git/dbwebb-kurser/pattern/test/src/view/admin/components/listItems.js","statementMap":{"0":{"start":{"line":14,"column":2},"end":{"line":55,"column":8}}},"fnMap":{},"branchMap":{},"s":{"0":1},"f":{},"b":{},"_coverageSchema":"43e27e138ebf9cfc5966b082cf9a028302ed4184","hash":"e23ecf66de1adb994754b6dfe7f9c07ed494b696"}
,"/home/gustaf/git/dbwebb-kurser/pattern/test/src/view/admin/components/styles.js": {"path":"/home/gustaf/git/dbwebb-kurser/pattern/test/src/view/admin/components/styles.js","statementMap":{"0":{"start":{"line":3,"column":23},"end":{"line":12,"column":1}},"1":{"start":{"line":14,"column":23},"end":{"line":21,"column":1}}},"fnMap":{},"branchMap":{},"s":{"0":1,"1":1},"f":{},"b":{},"_coverageSchema":"43e27e138ebf9cfc5966b082cf9a028302ed4184","hash":"466cb30b1c710d010d668326b5466b22cd6b35fd"}
,"/home/gustaf/git/dbwebb-kurser/pattern/test/src/view/admin/pages/city.js": {"path":"/home/gustaf/git/dbwebb-kurser/pattern/test/src/view/admin/pages/city.js","statementMap":{"0":{"start":{"line":14,"column":16},"end":{"line":23,"column":1}},"1":{"start":{"line":15,"column":21},"end":{"line":19,"column":6}},"2":{"start":{"line":20,"column":17},"end":{"line":20,"column":35}},"3":{"start":{"line":21,"column":4},"end":{"line":21,"column":60}},"4":{"start":{"line":22,"column":4},"end":{"line":22,"column":15}},"5":{"start":{"line":26,"column":20},"end":{"line":26,"column":32}},"6":{"start":{"line":27,"column":36},"end":{"line":27,"column":50}},"7":{"start":{"line":28,"column":19},"end":{"line":28,"column":45}},"8":{"start":{"line":30,"column":4},"end":{"line":32,"column":5}},"9":{"start":{"line":31,"column":8},"end":{"line":31,"column":27}},"10":{"start":{"line":34,"column":4},"end":{"line":65,"column":6}},"11":{"start":{"line":48,"column":23},"end":{"line":60,"column":34}},"12":{"start":{"line":53,"column":36},"end":{"line":57,"column":37}},"13":{"start":{"line":54,"column":40},"end":{"line":54,"column":94}},"14":{"start":{"line":56,"column":40},"end":{"line":56,"column":70}},"15":{"start":{"line":69,"column":4},"end":{"line":69,"column":56}}},"fnMap":{"0":{"name":"(anonymous_0)","decl":{"start":{"line":14,"column":16},"end":{"line":14,"column":17}},"loc":{"start":{"line":14,"column":28},"end":{"line":23,"column":1}},"line":14},"1":{"name":"CityContent","decl":{"start":{"line":25,"column":16},"end":{"line":25,"column":27}},"loc":{"start":{"line":25,"column":44},"end":{"line":66,"column":1}},"line":25},"2":{"name":"(anonymous_2)","decl":{"start":{"line":47,"column":37},"end":{"line":47,"column":38}},"loc":{"start":{"line":48,"column":23},"end":{"line":60,"column":34}},"line":48},"3":{"name":"(anonymous_3)","decl":{"start":{"line":52,"column":74},"end":{"line":52,"column":75}},"loc":{"start":{"line":52,"column":80},"end":{"line":58,"column":37}},"line":52},"4":{"name":"City","decl":{"start":{"line":68,"column":24},"end":{"line":68,"column":28}},"loc":{"start":{"line":68,"column":31},"end":{"line":70,"column":3}},"line":68}},"branchMap":{"0":{"loc":{"start":{"line":25,"column":29},"end":{"line":25,"column":41}},"type":"default-arg","locations":[{"start":{"line":25,"column":36},"end":{"line":25,"column":41}}],"line":25},"1":{"loc":{"start":{"line":30,"column":4},"end":{"line":32,"column":5}},"type":"if","locations":[{"start":{"line":30,"column":4},"end":{"line":32,"column":5}},{"start":{"line":30,"column":4},"end":{"line":32,"column":5}}],"line":30},"2":{"loc":{"start":{"line":47,"column":21},"end":{"line":47,"column":31}},"type":"binary-expr","locations":[{"start":{"line":47,"column":21},"end":{"line":47,"column":25}},{"start":{"line":47,"column":29},"end":{"line":47,"column":31}}],"line":47},"3":{"loc":{"start":{"line":53,"column":36},"end":{"line":57,"column":37}},"type":"if","locations":[{"start":{"line":53,"column":36},"end":{"line":57,"column":37}},{"start":{"line":53,"column":36},"end":{"line":57,"column":37}}],"line":53}},"s":{"0":1,"1":1,"2":0,"3":0,"4":0,"5":2,"6":2,"7":2,"8":2,"9":2,"10":2,"11":8,"12":1,"13":0,"14":1,"15":0},"f":{"0":1,"1":2,"2":8,"3":1,"4":0},"b":{"0":[0],"1":[2,0],"2":[2,0],"3":[0,1]},"_coverageSchema":"43e27e138ebf9cfc5966b082cf9a028302ed4184","hash":"38d1418499b7c96823acfd5a6aad9d04ad0a3373"}
,"/home/gustaf/git/dbwebb-kurser/pattern/test/src/view/admin/pages/maintenence.js": {"path":"/home/gustaf/git/dbwebb-kurser/pattern/test/src/view/admin/pages/maintenence.js","statementMap":{"0":{"start":{"line":12,"column":32},"end":{"line":12,"column":44}},"1":{"start":{"line":13,"column":30},"end":{"line":13,"column":42}},"2":{"start":{"line":14,"column":28},"end":{"line":14,"column":40}},"3":{"start":{"line":15,"column":20},"end":{"line":15,"column":32}},"4":{"start":{"line":17,"column":24},"end":{"line":18,"column":54}},"5":{"start":{"line":17,"column":36},"end":{"line":18,"column":54}},"6":{"start":{"line":18,"column":25},"end":{"line":18,"column":53}},"7":{"start":{"line":19,"column":19},"end":{"line":20,"column":53}},"8":{"start":{"line":19,"column":31},"end":{"line":20,"column":53}},"9":{"start":{"line":20,"column":25},"end":{"line":20,"column":52}},"10":{"start":{"line":22,"column":4},"end":{"line":26,"column":15}},"11":{"start":{"line":23,"column":8},"end":{"line":23,"column":17}},"12":{"start":{"line":24,"column":8},"end":{"line":24,"column":22}},"13":{"start":{"line":28,"column":20},"end":{"line":48,"column":3}},"14":{"start":{"line":29,"column":19},"end":{"line":29,"column":27}},"15":{"start":{"line":30,"column":19},"end":{"line":30,"column":81}},"16":{"start":{"line":31,"column":6},"end":{"line":47,"column":5}},"17":{"start":{"line":32,"column":10},"end":{"line":34,"column":11}},"18":{"start":{"line":33,"column":14},"end":{"line":33,"column":32}},"19":{"start":{"line":36,"column":10},"end":{"line":45,"column":13}},"20":{"start":{"line":46,"column":10},"end":{"line":46,"column":35}},"21":{"start":{"line":50,"column":21},"end":{"line":50,"column":23}},"22":{"start":{"line":51,"column":20},"end":{"line":99,"column":7}},"23":{"start":{"line":86,"column":16},"end":{"line":96,"column":18}},"24":{"start":{"line":89,"column":24},"end":{"line":89,"column":103}},"25":{"start":{"line":92,"column":101},"end":{"line":92,"column":125}},"26":{"start":{"line":93,"column":95},"end":{"line":93,"column":119}},"27":{"start":{"line":101,"column":4},"end":{"line":123,"column":6}},"28":{"start":{"line":104,"column":43},"end":{"line":104,"column":68}},"29":{"start":{"line":106,"column":27},"end":{"line":106,"column":90}},"30":{"start":{"line":118,"column":43},"end":{"line":118,"column":53}},"31":{"start":{"line":127,"column":4},"end":{"line":127,"column":63}}},"fnMap":{"0":{"name":"MaintenenceContent","decl":{"start":{"line":11,"column":9},"end":{"line":11,"column":27}},"loc":{"start":{"line":11,"column":30},"end":{"line":124,"column":1}},"line":11},"1":{"name":"(anonymous_1)","decl":{"start":{"line":17,"column":24},"end":{"line":17,"column":25}},"loc":{"start":{"line":17,"column":36},"end":{"line":18,"column":54}},"line":17},"2":{"name":"(anonymous_2)","decl":{"start":{"line":18,"column":11},"end":{"line":18,"column":12}},"loc":{"start":{"line":18,"column":25},"end":{"line":18,"column":53}},"line":18},"3":{"name":"(anonymous_3)","decl":{"start":{"line":19,"column":19},"end":{"line":19,"column":20}},"loc":{"start":{"line":19,"column":31},"end":{"line":20,"column":53}},"line":19},"4":{"name":"(anonymous_4)","decl":{"start":{"line":20,"column":11},"end":{"line":20,"column":12}},"loc":{"start":{"line":20,"column":25},"end":{"line":20,"column":52}},"line":20},"5":{"name":"(anonymous_5)","decl":{"start":{"line":22,"column":14},"end":{"line":22,"column":15}},"loc":{"start":{"line":22,"column":19},"end":{"line":26,"column":5}},"line":22},"6":{"name":"(anonymous_6)","decl":{"start":{"line":28,"column":20},"end":{"line":28,"column":21}},"loc":{"start":{"line":28,"column":30},"end":{"line":48,"column":3}},"line":28},"7":{"name":"(anonymous_7)","decl":{"start":{"line":85,"column":24},"end":{"line":85,"column":25}},"loc":{"start":{"line":85,"column":40},"end":{"line":97,"column":15}},"line":85},"8":{"name":"(anonymous_8)","decl":{"start":{"line":88,"column":91},"end":{"line":88,"column":92}},"loc":{"start":{"line":88,"column":97},"end":{"line":90,"column":23}},"line":88},"9":{"name":"(anonymous_9)","decl":{"start":{"line":92,"column":94},"end":{"line":92,"column":95}},"loc":{"start":{"line":92,"column":100},"end":{"line":92,"column":126}},"line":92},"10":{"name":"(anonymous_10)","decl":{"start":{"line":93,"column":88},"end":{"line":93,"column":89}},"loc":{"start":{"line":93,"column":94},"end":{"line":93,"column":120}},"line":93},"11":{"name":"(anonymous_11)","decl":{"start":{"line":104,"column":36},"end":{"line":104,"column":37}},"loc":{"start":{"line":104,"column":43},"end":{"line":104,"column":68}},"line":104},"12":{"name":"(anonymous_12)","decl":{"start":{"line":105,"column":41},"end":{"line":105,"column":42}},"loc":{"start":{"line":106,"column":27},"end":{"line":106,"column":90}},"line":106},"13":{"name":"(anonymous_13)","decl":{"start":{"line":118,"column":34},"end":{"line":118,"column":35}},"loc":{"start":{"line":118,"column":43},"end":{"line":118,"column":53}},"line":118},"14":{"name":"Maintenence","decl":{"start":{"line":126,"column":24},"end":{"line":126,"column":35}},"loc":{"start":{"line":126,"column":38},"end":{"line":128,"column":1}},"line":126}},"branchMap":{"0":{"loc":{"start":{"line":31,"column":6},"end":{"line":47,"column":5}},"type":"if","locations":[{"start":{"line":31,"column":6},"end":{"line":47,"column":5}},{"start":{"line":31,"column":6},"end":{"line":47,"column":5}}],"line":31},"1":{"loc":{"start":{"line":32,"column":10},"end":{"line":34,"column":11}},"type":"if","locations":[{"start":{"line":32,"column":10},"end":{"line":34,"column":11}},{"start":{"line":32,"column":10},"end":{"line":34,"column":11}}],"line":32},"2":{"loc":{"start":{"line":91,"column":23},"end":{"line":93,"column":123}},"type":"cond-expr","locations":[{"start":{"line":92,"column":26},"end":{"line":92,"column":129}},{"start":{"line":93,"column":26},"end":{"line":93,"column":123}}],"line":91},"3":{"loc":{"start":{"line":105,"column":25},"end":{"line":105,"column":35}},"type":"binary-expr","locations":[{"start":{"line":105,"column":25},"end":{"line":105,"column":29}},{"start":{"line":105,"column":33},"end":{"line":105,"column":35}}],"line":105},"4":{"loc":{"start":{"line":117,"column":30},"end":{"line":117,"column":41}},"type":"binary-expr","locations":[{"start":{"line":117,"column":30},"end":{"line":117,"column":35}},{"start":{"line":117,"column":39},"end":{"line":117,"column":41}}],"line":117}},"s":{"0":0,"1":0,"2":0,"3":0,"4":0,"5":0,"6":0,"7":0,"8":0,"9":0,"10":0,"11":0,"12":0,"13":0,"14":0,"15":0,"16":0,"17":0,"18":0,"19":0,"20":0,"21":0,"22":0,"23":0,"24":0,"25":0,"26":0,"27":0,"28":0,"29":0,"30":0,"31":0},"f":{"0":0,"1":0,"2":0,"3":0,"4":0,"5":0,"6":0,"7":0,"8":0,"9":0,"10":0,"11":0,"12":0,"13":0,"14":0},"b":{"0":[0,0],"1":[0,0],"2":[0,0],"3":[0,0],"4":[0,0]},"hash":"8ef7ee87b1411ad117bcc07d44e2025bb6c8a99e"}
,"/home/gustaf/git/dbwebb-kurser/pattern/test/src/view/admin/pages/map.js": {"path":"/home/gustaf/git/dbwebb-kurser/pattern/test/src/view/admin/pages/map.js","statementMap":{"0":{"start":{"line":12,"column":15},"end":{"line":12,"column":38}},"1":{"start":{"line":13,"column":15},"end":{"line":13,"column":53}},"2":{"start":{"line":16,"column":16},"end":{"line":47,"column":1}},"3":{"start":{"line":17,"column":4},"end":{"line":45,"column":8}},"4":{"start":{"line":23,"column":23},"end":{"line":23,"column":25}},"5":{"start":{"line":24,"column":20},"end":{"line":24,"column":22}},"6":{"start":{"line":25,"column":22},"end":{"line":25,"column":24}},"7":{"start":{"line":26,"column":23},"end":{"line":26,"column":39}},"8":{"start":{"line":28,"column":8},"end":{"line":35,"column":10}},"9":{"start":{"line":29,"column":12},"end":{"line":33,"column":13}},"10":{"start":{"line":30,"column":16},"end":{"line":30,"column":37}},"11":{"start":{"line":32,"column":16},"end":{"line":32,"column":39}},"12":{"start":{"line":34,"column":12},"end":{"line":34,"column":30}},"13":{"start":{"line":36,"column":8},"end":{"line":43,"column":10}},"14":{"start":{"line":37,"column":12},"end":{"line":41,"column":13}},"15":{"start":{"line":38,"column":16},"end":{"line":38,"column":35}},"16":{"start":{"line":40,"column":16},"end":{"line":40,"column":33}},"17":{"start":{"line":42,"column":12},"end":{"line":42,"column":30}},"18":{"start":{"line":44,"column":8},"end":{"line":44,"column":49}},"19":{"start":{"line":50,"column":24},"end":{"line":50,"column":35}},"20":{"start":{"line":51,"column":21},"end":{"line":51,"column":40}},"21":{"start":{"line":53,"column":21},"end":{"line":57,"column":5}},"22":{"start":{"line":59,"column":4},"end":{"line":59,"column":48}},"23":{"start":{"line":61,"column":4},"end":{"line":65,"column":7}},"24":{"start":{"line":67,"column":4},"end":{"line":137,"column":6}},"25":{"start":{"line":70,"column":41},"end":{"line":70,"column":62}},"26":{"start":{"line":72,"column":24},"end":{"line":76,"column":25}},"27":{"start":{"line":73,"column":26},"end":{"line":75,"column":28}},"28":{"start":{"line":74,"column":28},"end":{"line":74,"column":112}},"29":{"start":{"line":77,"column":24},"end":{"line":77,"column":35}},"30":{"start":{"line":98,"column":22},"end":{"line":107,"column":23}},"31":{"start":{"line":99,"column":24},"end":{"line":106,"column":26}},"32":{"start":{"line":100,"column":26},"end":{"line":105,"column":35}},"33":{"start":{"line":108,"column":22},"end":{"line":108,"column":33}},"34":{"start":{"line":117,"column":24},"end":{"line":128,"column":25}},"35":{"start":{"line":118,"column":26},"end":{"line":127,"column":28}},"36":{"start":{"line":119,"column":28},"end":{"line":126,"column":37}},"37":{"start":{"line":129,"column":24},"end":{"line":129,"column":35}},"38":{"start":{"line":141,"column":4},"end":{"line":141,"column":55}}},"fnMap":{"0":{"name":"(anonymous_0)","decl":{"start":{"line":16,"column":16},"end":{"line":16,"column":17}},"loc":{"start":{"line":16,"column":30},"end":{"line":47,"column":1}},"line":16},"1":{"name":"(anonymous_1)","decl":{"start":{"line":22,"column":23},"end":{"line":22,"column":24}},"loc":{"start":{"line":22,"column":52},"end":{"line":45,"column":5}},"line":22},"2":{"name":"(anonymous_2)","decl":{"start":{"line":28,"column":31},"end":{"line":28,"column":32}},"loc":{"start":{"line":28,"column":44},"end":{"line":35,"column":9}},"line":28},"3":{"name":"(anonymous_3)","decl":{"start":{"line":36,"column":28},"end":{"line":36,"column":29}},"loc":{"start":{"line":36,"column":38},"end":{"line":43,"column":9}},"line":36},"4":{"name":"MapContent","decl":{"start":{"line":49,"column":16},"end":{"line":49,"column":26}},"loc":{"start":{"line":49,"column":29},"end":{"line":138,"column":1}},"line":49},"5":{"name":"(anonymous_5)","decl":{"start":{"line":70,"column":34},"end":{"line":70,"column":35}},"loc":{"start":{"line":70,"column":41},"end":{"line":70,"column":62}},"line":70},"6":{"name":"(anonymous_6)","decl":{"start":{"line":71,"column":28},"end":{"line":71,"column":29}},"loc":{"start":{"line":71,"column":38},"end":{"line":78,"column":21}},"line":71},"7":{"name":"(anonymous_7)","decl":{"start":{"line":73,"column":39},"end":{"line":73,"column":40}},"loc":{"start":{"line":74,"column":28},"end":{"line":74,"column":112}},"line":74},"8":{"name":"(anonymous_8)","decl":{"start":{"line":97,"column":36},"end":{"line":97,"column":37}},"loc":{"start":{"line":97,"column":46},"end":{"line":109,"column":19}},"line":97},"9":{"name":"(anonymous_9)","decl":{"start":{"line":99,"column":37},"end":{"line":99,"column":38}},"loc":{"start":{"line":100,"column":26},"end":{"line":105,"column":35}},"line":100},"10":{"name":"(anonymous_10)","decl":{"start":{"line":116,"column":38},"end":{"line":116,"column":39}},"loc":{"start":{"line":116,"column":48},"end":{"line":130,"column":21}},"line":116},"11":{"name":"(anonymous_11)","decl":{"start":{"line":118,"column":39},"end":{"line":118,"column":40}},"loc":{"start":{"line":119,"column":28},"end":{"line":126,"column":37}},"line":119},"12":{"name":"Map","decl":{"start":{"line":140,"column":24},"end":{"line":140,"column":27}},"loc":{"start":{"line":140,"column":30},"end":{"line":142,"column":3}},"line":140}},"branchMap":{"0":{"loc":{"start":{"line":29,"column":12},"end":{"line":33,"column":13}},"type":"if","locations":[{"start":{"line":29,"column":12},"end":{"line":33,"column":13}},{"start":{"line":29,"column":12},"end":{"line":33,"column":13}}],"line":29},"1":{"loc":{"start":{"line":29,"column":15},"end":{"line":29,"column":77}},"type":"binary-expr","locations":[{"start":{"line":29,"column":15},"end":{"line":29,"column":44}},{"start":{"line":29,"column":48},"end":{"line":29,"column":77}}],"line":29},"2":{"loc":{"start":{"line":37,"column":12},"end":{"line":41,"column":13}},"type":"if","locations":[{"start":{"line":37,"column":12},"end":{"line":41,"column":13}},{"start":{"line":37,"column":12},"end":{"line":41,"column":13}}],"line":37},"3":{"loc":{"start":{"line":37,"column":15},"end":{"line":37,"column":61}},"type":"binary-expr","locations":[{"start":{"line":37,"column":15},"end":{"line":37,"column":36}},{"start":{"line":37,"column":40},"end":{"line":37,"column":61}}],"line":37},"4":{"loc":{"start":{"line":71,"column":12},"end":{"line":71,"column":22}},"type":"binary-expr","locations":[{"start":{"line":71,"column":12},"end":{"line":71,"column":16}},{"start":{"line":71,"column":20},"end":{"line":71,"column":22}}],"line":71},"5":{"loc":{"start":{"line":72,"column":24},"end":{"line":76,"column":25}},"type":"if","locations":[{"start":{"line":72,"column":24},"end":{"line":76,"column":25}},{"start":{"line":72,"column":24},"end":{"line":76,"column":25}}],"line":72},"6":{"loc":{"start":{"line":74,"column":28},"end":{"line":74,"column":112}},"type":"cond-expr","locations":[{"start":{"line":74,"column":42},"end":{"line":74,"column":105}},{"start":{"line":74,"column":108},"end":{"line":74,"column":112}}],"line":74},"7":{"loc":{"start":{"line":97,"column":20},"end":{"line":97,"column":30}},"type":"binary-expr","locations":[{"start":{"line":97,"column":20},"end":{"line":97,"column":24}},{"start":{"line":97,"column":28},"end":{"line":97,"column":30}}],"line":97},"8":{"loc":{"start":{"line":98,"column":22},"end":{"line":107,"column":23}},"type":"if","locations":[{"start":{"line":98,"column":22},"end":{"line":107,"column":23}},{"start":{"line":98,"column":22},"end":{"line":107,"column":23}}],"line":98},"9":{"loc":{"start":{"line":116,"column":22},"end":{"line":116,"column":32}},"type":"binary-expr","locations":[{"start":{"line":116,"column":22},"end":{"line":116,"column":26}},{"start":{"line":116,"column":30},"end":{"line":116,"column":32}}],"line":116},"10":{"loc":{"start":{"line":117,"column":24},"end":{"line":128,"column":25}},"type":"if","locations":[{"start":{"line":117,"column":24},"end":{"line":128,"column":25}},{"start":{"line":117,"column":24},"end":{"line":128,"column":25}}],"line":117}},"s":{"0":0,"1":0,"2":0,"3":0,"4":0,"5":0,"6":0,"7":0,"8":0,"9":0,"10":0,"11":0,"12":0,"13":0,"14":0,"15":0,"16":0,"17":0,"18":0,"19":0,"20":0,"21":0,"22":0,"23":0,"24":0,"25":0,"26":0,"27":0,"28":0,"29":0,"30":0,"31":0,"32":0,"33":0,"34":0,"35":0,"36":0,"37":0,"38":0},"f":{"0":0,"1":0,"2":0,"3":0,"4":0,"5":0,"6":0,"7":0,"8":0,"9":0,"10":0,"11":0,"12":0},"b":{"0":[0,0],"1":[0,0],"2":[0,0],"3":[0,0],"4":[0,0],"5":[0,0],"6":[0,0],"7":[0,0],"8":[0,0],"9":[0,0],"10":[0,0]},"hash":"fdbb48652c60142ffe420a193758fa410195c18f"}
,"/home/gustaf/git/dbwebb-kurser/pattern/test/src/view/admin/pages/move.js": {"path":"/home/gustaf/git/dbwebb-kurser/pattern/test/src/view/admin/pages/move.js","statementMap":{"0":{"start":{"line":10,"column":19},"end":{"line":10,"column":37}},"1":{"start":{"line":11,"column":19},"end":{"line":11,"column":37}},"2":{"start":{"line":12,"column":28},"end":{"line":12,"column":40}},"3":{"start":{"line":13,"column":34},"end":{"line":13,"column":46}},"4":{"start":{"line":14,"column":38},"end":{"line":14,"column":50}},"5":{"start":{"line":15,"column":20},"end":{"line":15,"column":32}},"6":{"start":{"line":17,"column":24},"end":{"line":18,"column":57}},"7":{"start":{"line":17,"column":38},"end":{"line":18,"column":57}},"8":{"start":{"line":18,"column":29},"end":{"line":18,"column":56}},"9":{"start":{"line":19,"column":27},"end":{"line":20,"column":60}},"10":{"start":{"line":19,"column":41},"end":{"line":20,"column":60}},"11":{"start":{"line":20,"column":29},"end":{"line":20,"column":59}},"12":{"start":{"line":22,"column":4},"end":{"line":26,"column":19}},"13":{"start":{"line":23,"column":8},"end":{"line":23,"column":28}},"14":{"start":{"line":24,"column":8},"end":{"line":24,"column":31}},"15":{"start":{"line":29,"column":17},"end":{"line":41,"column":5}},"16":{"start":{"line":30,"column":8},"end":{"line":39,"column":11}},"17":{"start":{"line":40,"column":8},"end":{"line":40,"column":47}},"18":{"start":{"line":43,"column":4},"end":{"line":68,"column":6}},"19":{"start":{"line":56,"column":74},"end":{"line":56,"column":102}},"20":{"start":{"line":58,"column":24},"end":{"line":60,"column":25}},"21":{"start":{"line":59,"column":28},"end":{"line":59,"column":109}},"22":{"start":{"line":61,"column":24},"end":{"line":61,"column":36}},"23":{"start":{"line":72,"column":4},"end":{"line":72,"column":56}}},"fnMap":{"0":{"name":"MoveContent","decl":{"start":{"line":9,"column":9},"end":{"line":9,"column":20}},"loc":{"start":{"line":9,"column":23},"end":{"line":69,"column":1}},"line":9},"1":{"name":"(anonymous_1)","decl":{"start":{"line":17,"column":24},"end":{"line":17,"column":25}},"loc":{"start":{"line":17,"column":38},"end":{"line":18,"column":57}},"line":17},"2":{"name":"(anonymous_2)","decl":{"start":{"line":18,"column":15},"end":{"line":18,"column":16}},"loc":{"start":{"line":18,"column":29},"end":{"line":18,"column":56}},"line":18},"3":{"name":"(anonymous_3)","decl":{"start":{"line":19,"column":27},"end":{"line":19,"column":28}},"loc":{"start":{"line":19,"column":41},"end":{"line":20,"column":60}},"line":19},"4":{"name":"(anonymous_4)","decl":{"start":{"line":20,"column":15},"end":{"line":20,"column":16}},"loc":{"start":{"line":20,"column":29},"end":{"line":20,"column":59}},"line":20},"5":{"name":"(anonymous_5)","decl":{"start":{"line":22,"column":14},"end":{"line":22,"column":15}},"loc":{"start":{"line":22,"column":20},"end":{"line":26,"column":5}},"line":22},"6":{"name":"(anonymous_6)","decl":{"start":{"line":29,"column":17},"end":{"line":29,"column":18}},"loc":{"start":{"line":29,"column":23},"end":{"line":41,"column":5}},"line":29},"7":{"name":"(anonymous_7)","decl":{"start":{"line":56,"column":67},"end":{"line":56,"column":68}},"loc":{"start":{"line":56,"column":74},"end":{"line":56,"column":102}},"line":56},"8":{"name":"(anonymous_8)","decl":{"start":{"line":57,"column":41},"end":{"line":57,"column":42}},"loc":{"start":{"line":57,"column":50},"end":{"line":62,"column":21}},"line":57},"9":{"name":"Move","decl":{"start":{"line":71,"column":24},"end":{"line":71,"column":28}},"loc":{"start":{"line":71,"column":31},"end":{"line":73,"column":1}},"line":71}},"branchMap":{"0":{"loc":{"start":{"line":57,"column":22},"end":{"line":57,"column":35}},"type":"binary-expr","locations":[{"start":{"line":57,"column":22},"end":{"line":57,"column":29}},{"start":{"line":57,"column":33},"end":{"line":57,"column":35}}],"line":57},"1":{"loc":{"start":{"line":58,"column":24},"end":{"line":60,"column":25}},"type":"if","locations":[{"start":{"line":58,"column":24},"end":{"line":60,"column":25}},{"start":{"line":58,"column":24},"end":{"line":60,"column":25}}],"line":58}},"s":{"0":0,"1":0,"2":0,"3":0,"4":0,"5":0,"6":0,"7":0,"8":0,"9":0,"10":0,"11":0,"12":0,"13":0,"14":0,"15":0,"16":0,"17":0,"18":0,"19":0,"20":0,"21":0,"22":0,"23":0},"f":{"0":0,"1":0,"2":0,"3":0,"4":0,"5":0,"6":0,"7":0,"8":0,"9":0},"b":{"0":[0,0],"1":[0,0]},"hash":"311248591f7c58720c44367cf56654d519a56699"}
,"/home/gustaf/git/dbwebb-kurser/pattern/test/src/view/admin/pages/scooter.js": {"path":"/home/gustaf/git/dbwebb-kurser/pattern/test/src/view/admin/pages/scooter.js","statementMap":{"0":{"start":{"line":8,"column":19},"end":{"line":8,"column":30}},"1":{"start":{"line":11,"column":4},"end":{"line":17,"column":5}},"2":{"start":{"line":12,"column":6},"end":{"line":12,"column":72}},"3":{"start":{"line":13,"column":11},"end":{"line":17,"column":5}},"4":{"start":{"line":14,"column":6},"end":{"line":14,"column":28}},"5":{"start":{"line":16,"column":6},"end":{"line":16,"column":16}},"6":{"start":{"line":19,"column":21},"end":{"line":19,"column":23}},"7":{"start":{"line":20,"column":20},"end":{"line":52,"column":7}},"8":{"start":{"line":54,"column":4},"end":{"line":72,"column":6}},"9":{"start":{"line":66,"column":43},"end":{"line":66,"column":53}},"10":{"start":{"line":76,"column":4},"end":{"line":76,"column":59}}},"fnMap":{"0":{"name":"ScooterContent","decl":{"start":{"line":7,"column":16},"end":{"line":7,"column":30}},"loc":{"start":{"line":7,"column":63},"end":{"line":73,"column":1}},"line":7},"1":{"name":"(anonymous_1)","decl":{"start":{"line":66,"column":34},"end":{"line":66,"column":35}},"loc":{"start":{"line":66,"column":43},"end":{"line":66,"column":53}},"line":66},"2":{"name":"Scooter","decl":{"start":{"line":75,"column":24},"end":{"line":75,"column":31}},"loc":{"start":{"line":75,"column":34},"end":{"line":77,"column":3}},"line":75}},"branchMap":{"0":{"loc":{"start":{"line":7,"column":32},"end":{"line":7,"column":44}},"type":"default-arg","locations":[{"start":{"line":7,"column":39},"end":{"line":7,"column":44}}],"line":7},"1":{"loc":{"start":{"line":7,"column":46},"end":{"line":7,"column":60}},"type":"default-arg","locations":[{"start":{"line":7,"column":55},"end":{"line":7,"column":60}}],"line":7},"2":{"loc":{"start":{"line":11,"column":4},"end":{"line":17,"column":5}},"type":"if","locations":[{"start":{"line":11,"column":4},"end":{"line":17,"column":5}},{"start":{"line":11,"column":4},"end":{"line":17,"column":5}}],"line":11},"3":{"loc":{"start":{"line":13,"column":11},"end":{"line":17,"column":5}},"type":"if","locations":[{"start":{"line":13,"column":11},"end":{"line":17,"column":5}},{"start":{"line":13,"column":11},"end":{"line":17,"column":5}}],"line":13},"4":{"loc":{"start":{"line":13,"column":15},"end":{"line":13,"column":30}},"type":"binary-expr","locations":[{"start":{"line":13,"column":15},"end":{"line":13,"column":19}},{"start":{"line":13,"column":23},"end":{"line":13,"column":30}}],"line":13},"5":{"loc":{"start":{"line":65,"column":30},"end":{"line":65,"column":40}},"type":"binary-expr","locations":[{"start":{"line":65,"column":30},"end":{"line":65,"column":34}},{"start":{"line":65,"column":38},"end":{"line":65,"column":40}}],"line":65}},"s":{"0":2,"1":2,"2":0,"3":2,"4":1,"5":1,"6":2,"7":2,"8":2,"9":3,"10":0},"f":{"0":2,"1":3,"2":0},"b":{"0":[0],"1":[1],"2":[0,2],"3":[1,1],"4":[2,2],"5":[2,0]},"_coverageSchema":"43e27e138ebf9cfc5966b082cf9a028302ed4184","hash":"b3948430f2422048d4f3dfeec85115ff2382e7f8"}
,"/home/gustaf/git/dbwebb-kurser/pattern/test/src/view/admin/pages/station.js": {"path":"/home/gustaf/git/dbwebb-kurser/pattern/test/src/view/admin/pages/station.js","statementMap":{"0":{"start":{"line":11,"column":16},"end":{"line":15,"column":41}},"1":{"start":{"line":11,"column":24},"end":{"line":15,"column":41}},"2":{"start":{"line":15,"column":22},"end":{"line":15,"column":40}},"3":{"start":{"line":18,"column":20},"end":{"line":18,"column":32}},"4":{"start":{"line":19,"column":20},"end":{"line":56,"column":7}},"5":{"start":{"line":35,"column":16},"end":{"line":39,"column":18}},"6":{"start":{"line":46,"column":14},"end":{"line":53,"column":16}},"7":{"start":{"line":49,"column":24},"end":{"line":49,"column":110}},"8":{"start":{"line":50,"column":24},"end":{"line":50,"column":83}},"9":{"start":{"line":57,"column":19},"end":{"line":57,"column":30}},"10":{"start":{"line":58,"column":19},"end":{"line":58,"column":38}},"11":{"start":{"line":60,"column":6},"end":{"line":64,"column":7}},"12":{"start":{"line":61,"column":8},"end":{"line":61,"column":30}},"13":{"start":{"line":62,"column":13},"end":{"line":64,"column":7}},"14":{"start":{"line":63,"column":8},"end":{"line":63,"column":18}},"15":{"start":{"line":66,"column":21},"end":{"line":66,"column":23}},"16":{"start":{"line":68,"column":4},"end":{"line":86,"column":6}},"17":{"start":{"line":80,"column":43},"end":{"line":80,"column":56}},"18":{"start":{"line":90,"column":4},"end":{"line":90,"column":59}}},"fnMap":{"0":{"name":"(anonymous_0)","decl":{"start":{"line":11,"column":16},"end":{"line":11,"column":17}},"loc":{"start":{"line":11,"column":24},"end":{"line":15,"column":41}},"line":11},"1":{"name":"(anonymous_1)","decl":{"start":{"line":15,"column":8},"end":{"line":15,"column":9}},"loc":{"start":{"line":15,"column":22},"end":{"line":15,"column":40}},"line":15},"2":{"name":"StationContent","decl":{"start":{"line":17,"column":16},"end":{"line":17,"column":30}},"loc":{"start":{"line":17,"column":63},"end":{"line":87,"column":1}},"line":17},"3":{"name":"(anonymous_3)","decl":{"start":{"line":34,"column":24},"end":{"line":34,"column":25}},"loc":{"start":{"line":34,"column":40},"end":{"line":40,"column":15}},"line":34},"4":{"name":"(anonymous_4)","decl":{"start":{"line":45,"column":24},"end":{"line":45,"column":25}},"loc":{"start":{"line":45,"column":40},"end":{"line":54,"column":13}},"line":45},"5":{"name":"(anonymous_5)","decl":{"start":{"line":48,"column":62},"end":{"line":48,"column":63}},"loc":{"start":{"line":48,"column":68},"end":{"line":51,"column":21}},"line":48},"6":{"name":"(anonymous_6)","decl":{"start":{"line":80,"column":34},"end":{"line":80,"column":35}},"loc":{"start":{"line":80,"column":43},"end":{"line":80,"column":56}},"line":80},"7":{"name":"Station","decl":{"start":{"line":89,"column":24},"end":{"line":89,"column":31}},"loc":{"start":{"line":89,"column":34},"end":{"line":91,"column":3}},"line":89}},"branchMap":{"0":{"loc":{"start":{"line":17,"column":32},"end":{"line":17,"column":44}},"type":"default-arg","locations":[{"start":{"line":17,"column":39},"end":{"line":17,"column":44}}],"line":17},"1":{"loc":{"start":{"line":17,"column":46},"end":{"line":17,"column":60}},"type":"default-arg","locations":[{"start":{"line":17,"column":55},"end":{"line":17,"column":60}}],"line":17},"2":{"loc":{"start":{"line":37,"column":26},"end":{"line":37,"column":91}},"type":"cond-expr","locations":[{"start":{"line":37,"column":60},"end":{"line":37,"column":61}},{"start":{"line":37,"column":64},"end":{"line":37,"column":91}}],"line":37},"3":{"loc":{"start":{"line":60,"column":6},"end":{"line":64,"column":7}},"type":"if","locations":[{"start":{"line":60,"column":6},"end":{"line":64,"column":7}},{"start":{"line":60,"column":6},"end":{"line":64,"column":7}}],"line":60},"4":{"loc":{"start":{"line":60,"column":10},"end":{"line":60,"column":25}},"type":"binary-expr","locations":[{"start":{"line":60,"column":10},"end":{"line":60,"column":14}},{"start":{"line":60,"column":18},"end":{"line":60,"column":25}}],"line":60},"5":{"loc":{"start":{"line":62,"column":13},"end":{"line":64,"column":7}},"type":"if","locations":[{"start":{"line":62,"column":13},"end":{"line":64,"column":7}},{"start":{"line":62,"column":13},"end":{"line":64,"column":7}}],"line":62},"6":{"loc":{"start":{"line":62,"column":17},"end":{"line":62,"column":31}},"type":"binary-expr","locations":[{"start":{"line":62,"column":17},"end":{"line":62,"column":21}},{"start":{"line":62,"column":25},"end":{"line":62,"column":31}}],"line":62},"7":{"loc":{"start":{"line":79,"column":30},"end":{"line":79,"column":40}},"type":"binary-expr","locations":[{"start":{"line":79,"column":30},"end":{"line":79,"column":34}},{"start":{"line":79,"column":38},"end":{"line":79,"column":40}}],"line":79}},"s":{"0":1,"1":0,"2":0,"3":2,"4":2,"5":3,"6":3,"7":0,"8":0,"9":2,"10":2,"11":2,"12":1,"13":1,"14":1,"15":2,"16":2,"17":3,"18":0},"f":{"0":0,"1":0,"2":2,"3":3,"4":3,"5":0,"6":3,"7":0},"b":{"0":[0],"1":[1],"2":[2,1],"3":[1,1],"4":[2,2],"5":[1,0],"6":[1,1],"7":[2,0]},"_coverageSchema":"43e27e138ebf9cfc5966b082cf9a028302ed4184","hash":"980ec88d3fd98da89ff635c430ce621e9244de6b"}
,"/home/gustaf/git/dbwebb-kurser/pattern/test/src/view/admin/pages/user.js": {"path":"/home/gustaf/git/dbwebb-kurser/pattern/test/src/view/admin/pages/user.js","statementMap":{"0":{"start":{"line":12,"column":16},"end":{"line":21,"column":1}},"1":{"start":{"line":13,"column":21},"end":{"line":17,"column":6}},"2":{"start":{"line":18,"column":17},"end":{"line":18,"column":35}},"3":{"start":{"line":19,"column":4},"end":{"line":19,"column":64}},"4":{"start":{"line":20,"column":4},"end":{"line":20,"column":16}},"5":{"start":{"line":23,"column":15},"end":{"line":33,"column":1}},"6":{"start":{"line":24,"column":17},"end":{"line":24,"column":59}},"7":{"start":{"line":25,"column":4},"end":{"line":32,"column":5}},"8":{"start":{"line":26,"column":8},"end":{"line":30,"column":11}},"9":{"start":{"line":31,"column":8},"end":{"line":31,"column":33}},"10":{"start":{"line":38,"column":20},"end":{"line":38,"column":32}},"11":{"start":{"line":39,"column":44},"end":{"line":39,"column":58}},"12":{"start":{"line":40,"column":43},"end":{"line":40,"column":57}},"13":{"start":{"line":42,"column":23},"end":{"line":47,"column":5}},"14":{"start":{"line":43,"column":22},"end":{"line":43,"column":40}},"15":{"start":{"line":44,"column":8},"end":{"line":46,"column":9}},"16":{"start":{"line":45,"column":11},"end":{"line":45,"column":43}},"17":{"start":{"line":49,"column":23},"end":{"line":51,"column":5}},"18":{"start":{"line":50,"column":8},"end":{"line":50,"column":42}},"19":{"start":{"line":53,"column":20},"end":{"line":109,"column":7}},"20":{"start":{"line":88,"column":14},"end":{"line":106,"column":16}},"21":{"start":{"line":91,"column":24},"end":{"line":95,"column":25}},"22":{"start":{"line":92,"column":28},"end":{"line":92,"column":41}},"23":{"start":{"line":94,"column":28},"end":{"line":94,"column":92}},"24":{"start":{"line":99,"column":24},"end":{"line":103,"column":25}},"25":{"start":{"line":100,"column":28},"end":{"line":100,"column":62}},"26":{"start":{"line":102,"column":28},"end":{"line":102,"column":58}},"27":{"start":{"line":110,"column":19},"end":{"line":110,"column":42}},"28":{"start":{"line":112,"column":4},"end":{"line":117,"column":5}},"29":{"start":{"line":113,"column":22},"end":{"line":113,"column":192}},"30":{"start":{"line":114,"column":8},"end":{"line":114,"column":36}},"31":{"start":{"line":115,"column":11},"end":{"line":117,"column":5}},"32":{"start":{"line":116,"column":8},"end":{"line":116,"column":18}},"33":{"start":{"line":119,"column":21},"end":{"line":119,"column":23}},"34":{"start":{"line":121,"column":4},"end":{"line":140,"column":6}},"35":{"start":{"line":134,"column":43},"end":{"line":134,"column":53}},"36":{"start":{"line":144,"column":4},"end":{"line":144,"column":56}}},"fnMap":{"0":{"name":"(anonymous_0)","decl":{"start":{"line":12,"column":16},"end":{"line":12,"column":17}},"loc":{"start":{"line":12,"column":28},"end":{"line":21,"column":1}},"line":12},"1":{"name":"(anonymous_1)","decl":{"start":{"line":23,"column":15},"end":{"line":23,"column":16}},"loc":{"start":{"line":23,"column":23},"end":{"line":33,"column":1}},"line":23},"2":{"name":"UserContent","decl":{"start":{"line":37,"column":16},"end":{"line":37,"column":27}},"loc":{"start":{"line":37,"column":60},"end":{"line":141,"column":1}},"line":37},"3":{"name":"(anonymous_3)","decl":{"start":{"line":42,"column":23},"end":{"line":42,"column":24}},"loc":{"start":{"line":42,"column":31},"end":{"line":47,"column":5}},"line":42},"4":{"name":"(anonymous_4)","decl":{"start":{"line":49,"column":23},"end":{"line":49,"column":24}},"loc":{"start":{"line":49,"column":29},"end":{"line":51,"column":5}},"line":49},"5":{"name":"(anonymous_5)","decl":{"start":{"line":87,"column":24},"end":{"line":87,"column":25}},"loc":{"start":{"line":87,"column":40},"end":{"line":107,"column":13}},"line":87},"6":{"name":"(anonymous_6)","decl":{"start":{"line":90,"column":62},"end":{"line":90,"column":63}},"loc":{"start":{"line":90,"column":68},"end":{"line":97,"column":21}},"line":90},"7":{"name":"(anonymous_7)","decl":{"start":{"line":98,"column":58},"end":{"line":98,"column":59}},"loc":{"start":{"line":98,"column":64},"end":{"line":104,"column":21}},"line":98},"8":{"name":"(anonymous_8)","decl":{"start":{"line":134,"column":34},"end":{"line":134,"column":35}},"loc":{"start":{"line":134,"column":43},"end":{"line":134,"column":53}},"line":134},"9":{"name":"User","decl":{"start":{"line":143,"column":24},"end":{"line":143,"column":28}},"loc":{"start":{"line":143,"column":31},"end":{"line":145,"column":3}},"line":143}},"branchMap":{"0":{"loc":{"start":{"line":25,"column":4},"end":{"line":32,"column":5}},"type":"if","locations":[{"start":{"line":25,"column":4},"end":{"line":32,"column":5}},{"start":{"line":25,"column":4},"end":{"line":32,"column":5}}],"line":25},"1":{"loc":{"start":{"line":37,"column":29},"end":{"line":37,"column":41}},"type":"default-arg","locations":[{"start":{"line":37,"column":36},"end":{"line":37,"column":41}}],"line":37},"2":{"loc":{"start":{"line":37,"column":43},"end":{"line":37,"column":57}},"type":"default-arg","locations":[{"start":{"line":37,"column":52},"end":{"line":37,"column":57}}],"line":37},"3":{"loc":{"start":{"line":44,"column":8},"end":{"line":46,"column":9}},"type":"if","locations":[{"start":{"line":44,"column":8},"end":{"line":46,"column":9}},{"start":{"line":44,"column":8},"end":{"line":46,"column":9}}],"line":44},"4":{"loc":{"start":{"line":91,"column":24},"end":{"line":95,"column":25}},"type":"if","locations":[{"start":{"line":91,"column":24},"end":{"line":95,"column":25}},{"start":{"line":91,"column":24},"end":{"line":95,"column":25}}],"line":91},"5":{"loc":{"start":{"line":99,"column":24},"end":{"line":103,"column":25}},"type":"if","locations":[{"start":{"line":99,"column":24},"end":{"line":103,"column":25}},{"start":{"line":99,"column":24},"end":{"line":103,"column":25}}],"line":99},"6":{"loc":{"start":{"line":112,"column":4},"end":{"line":117,"column":5}},"type":"if","locations":[{"start":{"line":112,"column":4},"end":{"line":117,"column":5}},{"start":{"line":112,"column":4},"end":{"line":117,"column":5}}],"line":112},"7":{"loc":{"start":{"line":112,"column":8},"end":{"line":112,"column":23}},"type":"binary-expr","locations":[{"start":{"line":112,"column":8},"end":{"line":112,"column":12}},{"start":{"line":112,"column":16},"end":{"line":112,"column":23}}],"line":112},"8":{"loc":{"start":{"line":115,"column":11},"end":{"line":117,"column":5}},"type":"if","locations":[{"start":{"line":115,"column":11},"end":{"line":117,"column":5}},{"start":{"line":115,"column":11},"end":{"line":117,"column":5}}],"line":115},"9":{"loc":{"start":{"line":115,"column":15},"end":{"line":115,"column":29}},"type":"binary-expr","locations":[{"start":{"line":115,"column":15},"end":{"line":115,"column":19}},{"start":{"line":115,"column":23},"end":{"line":115,"column":29}}],"line":115},"10":{"loc":{"start":{"line":133,"column":30},"end":{"line":133,"column":40}},"type":"binary-expr","locations":[{"start":{"line":133,"column":30},"end":{"line":133,"column":34}},{"start":{"line":133,"column":38},"end":{"line":133,"column":40}}],"line":133}},"s":{"0":1,"1":1,"2":0,"3":0,"4":0,"5":1,"6":0,"7":0,"8":0,"9":0,"10":6,"11":6,"12":6,"13":6,"14":1,"15":1,"16":1,"17":6,"18":1,"19":6,"20":21,"21":1,"22":1,"23":0,"24":1,"25":1,"26":0,"27":6,"28":6,"29":5,"30":5,"31":1,"32":1,"33":6,"34":6,"35":9,"36":0},"f":{"0":1,"1":0,"2":6,"3":1,"4":1,"5":21,"6":1,"7":1,"8":9,"9":0},"b":{"0":[0,0],"1":[0],"2":[0],"3":[1,0],"4":[1,0],"5":[1,0],"6":[5,1],"7":[6,6],"8":[1,0],"9":[1,1],"10":[6,0]},"_coverageSchema":"43e27e138ebf9cfc5966b082cf9a028302ed4184","hash":"a6b20b2799c52ab4bb4fa567b4e6fdeabbd3b865"}
,"/home/gustaf/git/dbwebb-kurser/pattern/test/src/view/admin/pages/userDetail.js": {"path":"/home/gustaf/git/dbwebb-kurser/pattern/test/src/view/admin/pages/userDetail.js","statementMap":{"0":{"start":{"line":10,"column":19},"end":{"line":10,"column":30}},"1":{"start":{"line":11,"column":20},"end":{"line":11,"column":32}},"2":{"start":{"line":14,"column":4},"end":{"line":18,"column":5}},"3":{"start":{"line":15,"column":8},"end":{"line":15,"column":69}},"4":{"start":{"line":17,"column":8},"end":{"line":17,"column":41}},"5":{"start":{"line":19,"column":40},"end":{"line":19,"column":55}},"6":{"start":{"line":20,"column":38},"end":{"line":20,"column":62}},"7":{"start":{"line":21,"column":36},"end":{"line":21,"column":59}},"8":{"start":{"line":22,"column":32},"end":{"line":22,"column":53}},"9":{"start":{"line":23,"column":34},"end":{"line":23,"column":56}},"10":{"start":{"line":24,"column":34},"end":{"line":24,"column":56}},"11":{"start":{"line":25,"column":44},"end":{"line":25,"column":58}},"12":{"start":{"line":27,"column":21},"end":{"line":40,"column":5}},"13":{"start":{"line":28,"column":8},"end":{"line":38,"column":11}},"14":{"start":{"line":39,"column":8},"end":{"line":39,"column":40}},"15":{"start":{"line":42,"column":21},"end":{"line":44,"column":5}},"16":{"start":{"line":43,"column":8},"end":{"line":43,"column":40}},"17":{"start":{"line":46,"column":4},"end":{"line":76,"column":5}},"18":{"start":{"line":47,"column":8},"end":{"line":58,"column":10}},"19":{"start":{"line":56,"column":45},"end":{"line":56,"column":64}},"20":{"start":{"line":60,"column":8},"end":{"line":75,"column":10}},"21":{"start":{"line":65,"column":101},"end":{"line":65,"column":129}},"22":{"start":{"line":66,"column":104},"end":{"line":66,"column":131}},"23":{"start":{"line":68,"column":98},"end":{"line":68,"column":123}},"24":{"start":{"line":69,"column":102},"end":{"line":69,"column":128}},"25":{"start":{"line":70,"column":102},"end":{"line":70,"column":128}},"26":{"start":{"line":71,"column":47},"end":{"line":71,"column":89}},"27":{"start":{"line":72,"column":45},"end":{"line":72,"column":65}},"28":{"start":{"line":80,"column":4},"end":{"line":80,"column":62}}},"fnMap":{"0":{"name":"UserDetailContent","decl":{"start":{"line":9,"column":16},"end":{"line":9,"column":33}},"loc":{"start":{"line":9,"column":62},"end":{"line":77,"column":1}},"line":9},"1":{"name":"(anonymous_1)","decl":{"start":{"line":27,"column":21},"end":{"line":27,"column":22}},"loc":{"start":{"line":27,"column":33},"end":{"line":40,"column":5}},"line":27},"2":{"name":"(anonymous_2)","decl":{"start":{"line":42,"column":21},"end":{"line":42,"column":22}},"loc":{"start":{"line":42,"column":27},"end":{"line":44,"column":5}},"line":42},"3":{"name":"(anonymous_3)","decl":{"start":{"line":56,"column":39},"end":{"line":56,"column":40}},"loc":{"start":{"line":56,"column":45},"end":{"line":56,"column":64}},"line":56},"4":{"name":"(anonymous_4)","decl":{"start":{"line":65,"column":94},"end":{"line":65,"column":95}},"loc":{"start":{"line":65,"column":101},"end":{"line":65,"column":129}},"line":65},"5":{"name":"(anonymous_5)","decl":{"start":{"line":66,"column":97},"end":{"line":66,"column":98}},"loc":{"start":{"line":66,"column":104},"end":{"line":66,"column":131}},"line":66},"6":{"name":"(anonymous_6)","decl":{"start":{"line":68,"column":91},"end":{"line":68,"column":92}},"loc":{"start":{"line":68,"column":98},"end":{"line":68,"column":123}},"line":68},"7":{"name":"(anonymous_7)","decl":{"start":{"line":69,"column":95},"end":{"line":69,"column":96}},"loc":{"start":{"line":69,"column":102},"end":{"line":69,"column":128}},"line":69},"8":{"name":"(anonymous_8)","decl":{"start":{"line":70,"column":95},"end":{"line":70,"column":96}},"loc":{"start":{"line":70,"column":102},"end":{"line":70,"column":128}},"line":70},"9":{"name":"(anonymous_9)","decl":{"start":{"line":71,"column":41},"end":{"line":71,"column":42}},"loc":{"start":{"line":71,"column":47},"end":{"line":71,"column":89}},"line":71},"10":{"name":"(anonymous_10)","decl":{"start":{"line":72,"column":39},"end":{"line":72,"column":40}},"loc":{"start":{"line":72,"column":45},"end":{"line":72,"column":65}},"line":72},"11":{"name":"UserDetail","decl":{"start":{"line":79,"column":24},"end":{"line":79,"column":34}},"loc":{"start":{"line":79,"column":37},"end":{"line":81,"column":3}},"line":79}},"branchMap":{"0":{"loc":{"start":{"line":9,"column":35},"end":{"line":9,"column":47}},"type":"default-arg","locations":[{"start":{"line":9,"column":42},"end":{"line":9,"column":47}}],"line":9},"1":{"loc":{"start":{"line":9,"column":49},"end":{"line":9,"column":59}},"type":"default-arg","locations":[{"start":{"line":9,"column":58},"end":{"line":9,"column":59}}],"line":9},"2":{"loc":{"start":{"line":14,"column":4},"end":{"line":18,"column":5}},"type":"if","locations":[{"start":{"line":14,"column":4},"end":{"line":18,"column":5}},{"start":{"line":14,"column":4},"end":{"line":18,"column":5}}],"line":14},"3":{"loc":{"start":{"line":46,"column":4},"end":{"line":76,"column":5}},"type":"if","locations":[{"start":{"line":46,"column":4},"end":{"line":76,"column":5}},{"start":{"line":46,"column":4},"end":{"line":76,"column":5}}],"line":46},"4":{"loc":{"start":{"line":71,"column":47},"end":{"line":71,"column":89}},"type":"cond-expr","locations":[{"start":{"line":71,"column":55},"end":{"line":71,"column":76}},{"start":{"line":71,"column":79},"end":{"line":71,"column":89}}],"line":71}},"s":{"0":5,"1":5,"2":5,"3":0,"4":5,"5":5,"6":5,"7":5,"8":5,"9":5,"10":5,"11":5,"12":5,"13":0,"14":0,"15":5,"16":1,"17":5,"18":2,"19":1,"20":3,"21":0,"22":1,"23":1,"24":1,"25":1,"26":1,"27":0,"28":0},"f":{"0":5,"1":0,"2":1,"3":1,"4":0,"5":1,"6":1,"7":1,"8":1,"9":1,"10":0,"11":0},"b":{"0":[0],"1":[0],"2":[0,5],"3":[2,3],"4":[0,1]},"_coverageSchema":"43e27e138ebf9cfc5966b082cf9a028302ed4184","hash":"287b88847f8be1c5efa1f0164f9e3c1ccd6e090e"}
}
