TN:
SF:/home/gustaf/git/dbwebb-kurser/pattern/test/src/App.js
FN:14,App
FNF:1
FNH:0
FNDA:0,App
DA:15,0
LF:1
LH:0
BRF:0
BRH:0
end_of_record
TN:
SF:/home/gustaf/git/dbwebb-kurser/pattern/test/src/index.js
FNF:0
FNH:0
DA:7,0
DA:17,0
LF:2
LH:0
BRF:0
BRH:0
end_of_record
TN:
SF:/home/gustaf/git/dbwebb-kurser/pattern/test/src/reportWebVitals.js
FN:1,(anonymous_0)
FN:3,(anonymous_1)
FNF:2
FNH:0
FNDA:0,(anonymous_0)
FNDA:0,(anonymous_1)
DA:1,0
DA:2,0
DA:3,0
DA:4,0
DA:5,0
DA:6,0
DA:7,0
DA:8,0
LF:8
LH:0
BRDA:2,0,0,0
BRDA:2,0,1,0
BRDA:2,1,0,0
BRDA:2,1,1,0
BRF:4
BRH:0
end_of_record
TN:
SF:/home/gustaf/git/dbwebb-kurser/pattern/test/src/test/mochApi.js
FN:207,(anonymous_0)
FN:254,(anonymous_1)
FN:261,(anonymous_2)
FN:262,(anonymous_3)
FN:265,(anonymous_4)
FN:266,(anonymous_5)
FN:269,(anonymous_6)
FN:273,(anonymous_7)
FN:277,(anonymous_8)
FNF:9
FNH:9
FNDA:2,(anonymous_0)
FNDA:5,(anonymous_1)
FNDA:1,(anonymous_2)
FNDA:3,(anonymous_3)
FNDA:5,(anonymous_4)
FNDA:15,(anonymous_5)
FNDA:2,(anonymous_6)
FNDA:1,(anonymous_7)
FNDA:1,(anonymous_8)
DA:1,1
DA:39,1
DA:76,1
DA:154,1
DA:207,1
DA:208,2
DA:215,2
DA:216,0
DA:219,2
DA:220,0
DA:223,2
DA:224,1
DA:225,1
DA:235,0
DA:244,1
DA:254,1
DA:255,5
DA:256,5
DA:258,0
DA:261,1
DA:262,3
DA:265,1
DA:266,15
DA:269,1
DA:270,2
DA:273,1
DA:274,1
DA:277,1
DA:278,1
LF:29
LH:25
BRDA:215,0,0,0
BRDA:215,0,1,2
BRDA:219,1,0,0
BRDA:219,1,1,2
BRDA:223,2,0,1
BRDA:223,2,1,1
BRDA:224,3,0,1
BRDA:224,3,1,0
BRDA:255,4,0,5
BRDA:255,4,1,0
BRF:10
BRH:6
end_of_record
TN:
SF:/home/gustaf/git/dbwebb-kurser/pattern/test/src/view/login.js
FN:22,SignIn
FN:28,(anonymous_1)
FN:41,(anonymous_2)
FN:47,(anonymous_3)
FN:51,(anonymous_4)
FN:89,(anonymous_5)
FN:101,(anonymous_6)
FNF:7
FNH:4
FNDA:5,SignIn
FNDA:2,(anonymous_1)
FNDA:0,(anonymous_2)
FNDA:0,(anonymous_3)
FNDA:0,(anonymous_4)
FNDA:2,(anonymous_5)
FNDA:2,(anonymous_6)
DA:17,1
DA:18,1
DA:20,1
DA:23,5
DA:24,5
DA:25,5
DA:26,5
DA:28,5
DA:29,2
DA:30,2
DA:34,2
DA:35,2
DA:37,1
DA:41,5
DA:42,0
DA:44,0
DA:48,0
DA:49,0
DA:50,0
DA:52,0
DA:55,5
DA:56,0
DA:58,5
DA:89,2
DA:101,2
LF:25
LH:18
BRDA:22,0,0,0
BRDA:35,1,0,1
BRDA:35,1,1,0
BRDA:55,2,0,0
BRDA:55,2,1,5
BRDA:79,3,0,0
BRDA:79,3,1,5
BRF:7
BRH:3
end_of_record
TN:
SF:/home/gustaf/git/dbwebb-kurser/pattern/test/src/view/admin/Dashboard.js
FN:26,(anonymous_0)
FN:27,(anonymous_1)
FN:43,(anonymous_2)
FN:44,(anonymous_3)
FN:71,DashboardTemplate
FN:74,(anonymous_5)
FN:110,(anonymous_6)
FN:137,(anonymous_7)
FN:163,DashboardContent
FN:198,Dashboard
FNF:10
FNH:2
FNDA:1,(anonymous_0)
FNDA:0,(anonymous_1)
FNDA:1,(anonymous_2)
FNDA:0,(anonymous_3)
FNDA:0,DashboardTemplate
FNDA:0,(anonymous_5)
FNDA:0,(anonymous_6)
FNDA:0,(anonymous_7)
FNDA:0,DashboardContent
FNDA:0,Dashboard
DA:23,1
DA:25,1
DA:26,1
DA:27,0
DA:43,1
DA:44,0
DA:69,1
DA:72,0
DA:73,0
DA:74,0
DA:75,0
DA:77,0
DA:78,0
DA:111,0
DA:112,0
DA:138,0
DA:159,0
DA:164,0
DA:199,0
LF:19
LH:5
BRDA:33,0,0,0
BRDA:33,0,1,0
BRDA:54,1,0,0
BRDA:54,1,1,0
BRDA:77,2,0,0
BRDA:77,2,1,0
BRDA:95,3,0,0
BRDA:95,3,1,0
BRDA:138,4,0,0
BRDA:138,4,1,0
BRF:10
BRH:0
end_of_record
TN:
SF:/home/gustaf/git/dbwebb-kurser/pattern/test/src/view/admin/components/listItems.js
FNF:0
FNH:0
DA:14,1
LF:1
LH:1
BRF:0
BRH:0
end_of_record
TN:
SF:/home/gustaf/git/dbwebb-kurser/pattern/test/src/view/admin/components/styles.js
FNF:0
FNH:0
DA:3,1
DA:14,1
LF:2
LH:2
BRF:0
BRH:0
end_of_record
TN:
SF:/home/gustaf/git/dbwebb-kurser/pattern/test/src/view/admin/pages/city.js
FN:14,(anonymous_0)
FN:25,CityContent
FN:47,(anonymous_2)
FN:52,(anonymous_3)
FN:68,City
FNF:5
FNH:4
FNDA:1,(anonymous_0)
FNDA:2,CityContent
FNDA:8,(anonymous_2)
FNDA:1,(anonymous_3)
FNDA:0,City
DA:14,1
DA:15,1
DA:20,0
DA:21,0
DA:22,0
DA:26,2
DA:27,2
DA:28,2
DA:30,2
DA:31,2
DA:34,2
DA:48,8
DA:53,1
DA:54,0
DA:56,1
DA:69,0
LF:16
LH:11
BRDA:25,0,0,0
BRDA:30,1,0,2
BRDA:30,1,1,0
BRDA:47,2,0,2
BRDA:47,2,1,0
BRDA:53,3,0,0
BRDA:53,3,1,1
BRF:7
BRH:3
end_of_record
TN:
SF:/home/gustaf/git/dbwebb-kurser/pattern/test/src/view/admin/pages/maintenence.js
FN:11,MaintenenceContent
FN:17,(anonymous_1)
FN:18,(anonymous_2)
FN:19,(anonymous_3)
FN:20,(anonymous_4)
FN:22,(anonymous_5)
FN:28,(anonymous_6)
FN:85,(anonymous_7)
FN:88,(anonymous_8)
FN:92,(anonymous_9)
FN:93,(anonymous_10)
FN:104,(anonymous_11)
FN:105,(anonymous_12)
FN:118,(anonymous_13)
FN:126,Maintenence
FNF:15
FNH:0
FNDA:0,MaintenenceContent
FNDA:0,(anonymous_1)
FNDA:0,(anonymous_2)
FNDA:0,(anonymous_3)
FNDA:0,(anonymous_4)
FNDA:0,(anonymous_5)
FNDA:0,(anonymous_6)
FNDA:0,(anonymous_7)
FNDA:0,(anonymous_8)
FNDA:0,(anonymous_9)
FNDA:0,(anonymous_10)
FNDA:0,(anonymous_11)
FNDA:0,(anonymous_12)
FNDA:0,(anonymous_13)
FNDA:0,Maintenence
DA:12,0
DA:13,0
DA:14,0
DA:15,0
DA:17,0
DA:18,0
DA:19,0
DA:20,0
DA:22,0
DA:23,0
DA:24,0
DA:28,0
DA:29,0
DA:30,0
DA:31,0
DA:32,0
DA:33,0
DA:36,0
DA:46,0
DA:50,0
DA:51,0
DA:86,0
DA:89,0
DA:92,0
DA:93,0
DA:101,0
DA:104,0
DA:106,0
DA:118,0
DA:127,0
LF:30
LH:0
BRDA:31,0,0,0
BRDA:31,0,1,0
BRDA:32,1,0,0
BRDA:32,1,1,0
BRDA:91,2,0,0
BRDA:91,2,1,0
BRDA:105,3,0,0
BRDA:105,3,1,0
BRDA:117,4,0,0
BRDA:117,4,1,0
BRF:10
BRH:0
end_of_record
TN:
SF:/home/gustaf/git/dbwebb-kurser/pattern/test/src/view/admin/pages/map.js
FN:16,(anonymous_0)
FN:22,(anonymous_1)
FN:28,(anonymous_2)
FN:36,(anonymous_3)
FN:49,MapContent
FN:70,(anonymous_5)
FN:71,(anonymous_6)
FN:73,(anonymous_7)
FN:97,(anonymous_8)
FN:99,(anonymous_9)
FN:116,(anonymous_10)
FN:118,(anonymous_11)
FN:140,Map
FNF:13
FNH:0
FNDA:0,(anonymous_0)
FNDA:0,(anonymous_1)
FNDA:0,(anonymous_2)
FNDA:0,(anonymous_3)
FNDA:0,MapContent
FNDA:0,(anonymous_5)
FNDA:0,(anonymous_6)
FNDA:0,(anonymous_7)
FNDA:0,(anonymous_8)
FNDA:0,(anonymous_9)
FNDA:0,(anonymous_10)
FNDA:0,(anonymous_11)
FNDA:0,Map
DA:12,0
DA:13,0
DA:16,0
DA:17,0
DA:23,0
DA:24,0
DA:25,0
DA:26,0
DA:28,0
DA:29,0
DA:30,0
DA:32,0
DA:34,0
DA:36,0
DA:37,0
DA:38,0
DA:40,0
DA:42,0
DA:44,0
DA:50,0
DA:51,0
DA:53,0
DA:59,0
DA:61,0
DA:67,0
DA:70,0
DA:72,0
DA:73,0
DA:74,0
DA:77,0
DA:98,0
DA:99,0
DA:100,0
DA:108,0
DA:117,0
DA:118,0
DA:119,0
DA:129,0
DA:141,0
LF:39
LH:0
BRDA:29,0,0,0
BRDA:29,0,1,0
BRDA:29,1,0,0
BRDA:29,1,1,0
BRDA:37,2,0,0
BRDA:37,2,1,0
BRDA:37,3,0,0
BRDA:37,3,1,0
BRDA:71,4,0,0
BRDA:71,4,1,0
BRDA:72,5,0,0
BRDA:72,5,1,0
BRDA:74,6,0,0
BRDA:74,6,1,0
BRDA:97,7,0,0
BRDA:97,7,1,0
BRDA:98,8,0,0
BRDA:98,8,1,0
BRDA:116,9,0,0
BRDA:116,9,1,0
BRDA:117,10,0,0
BRDA:117,10,1,0
BRF:22
BRH:0
end_of_record
TN:
SF:/home/gustaf/git/dbwebb-kurser/pattern/test/src/view/admin/pages/move.js
FN:9,MoveContent
FN:17,(anonymous_1)
FN:18,(anonymous_2)
FN:19,(anonymous_3)
FN:20,(anonymous_4)
FN:22,(anonymous_5)
FN:29,(anonymous_6)
FN:56,(anonymous_7)
FN:57,(anonymous_8)
FN:71,Move
FNF:10
FNH:0
FNDA:0,MoveContent
FNDA:0,(anonymous_1)
FNDA:0,(anonymous_2)
FNDA:0,(anonymous_3)
FNDA:0,(anonymous_4)
FNDA:0,(anonymous_5)
FNDA:0,(anonymous_6)
FNDA:0,(anonymous_7)
FNDA:0,(anonymous_8)
FNDA:0,Move
DA:10,0
DA:11,0
DA:12,0
DA:13,0
DA:14,0
DA:15,0
DA:17,0
DA:18,0
DA:19,0
DA:20,0
DA:22,0
DA:23,0
DA:24,0
DA:29,0
DA:30,0
DA:40,0
DA:43,0
DA:56,0
DA:58,0
DA:59,0
DA:61,0
DA:72,0
LF:22
LH:0
BRDA:57,0,0,0
BRDA:57,0,1,0
BRDA:58,1,0,0
BRDA:58,1,1,0
BRF:4
BRH:0
end_of_record
TN:
SF:/home/gustaf/git/dbwebb-kurser/pattern/test/src/view/admin/pages/scooter.js
FN:7,ScooterContent
FN:66,(anonymous_1)
FN:75,Scooter
FNF:3
FNH:2
FNDA:2,ScooterContent
FNDA:3,(anonymous_1)
FNDA:0,Scooter
DA:8,2
DA:11,2
DA:12,0
DA:13,2
DA:14,1
DA:16,1
DA:19,2
DA:20,2
DA:54,2
DA:66,3
DA:76,0
LF:11
LH:9
BRDA:7,0,0,0
BRDA:7,1,0,1
BRDA:11,2,0,0
BRDA:11,2,1,2
BRDA:13,3,0,1
BRDA:13,3,1,1
BRDA:13,4,0,2
BRDA:13,4,1,2
BRDA:65,5,0,2
BRDA:65,5,1,0
BRF:10
BRH:7
end_of_record
TN:
SF:/home/gustaf/git/dbwebb-kurser/pattern/test/src/view/admin/pages/station.js
FN:11,(anonymous_0)
FN:15,(anonymous_1)
FN:17,StationContent
FN:34,(anonymous_3)
FN:45,(anonymous_4)
FN:48,(anonymous_5)
FN:80,(anonymous_6)
FN:89,Station
FNF:8
FNH:4
FNDA:0,(anonymous_0)
FNDA:0,(anonymous_1)
FNDA:2,StationContent
FNDA:3,(anonymous_3)
FNDA:3,(anonymous_4)
FNDA:0,(anonymous_5)
FNDA:3,(anonymous_6)
FNDA:0,Station
DA:11,1
DA:15,0
DA:18,2
DA:19,2
DA:35,3
DA:46,3
DA:49,0
DA:50,0
DA:57,2
DA:58,2
DA:60,2
DA:61,1
DA:62,1
DA:63,1
DA:66,2
DA:68,2
DA:80,3
DA:90,0
LF:18
LH:14
BRDA:17,0,0,0
BRDA:17,1,0,1
BRDA:37,2,0,2
BRDA:37,2,1,1
BRDA:60,3,0,1
BRDA:60,3,1,1
BRDA:60,4,0,2
BRDA:60,4,1,2
BRDA:62,5,0,1
BRDA:62,5,1,0
BRDA:62,6,0,1
BRDA:62,6,1,1
BRDA:79,7,0,2
BRDA:79,7,1,0
BRF:14
BRH:11
end_of_record
TN:
SF:/home/gustaf/git/dbwebb-kurser/pattern/test/src/view/admin/pages/user.js
FN:12,(anonymous_0)
FN:23,(anonymous_1)
FN:37,UserContent
FN:42,(anonymous_3)
FN:49,(anonymous_4)
FN:87,(anonymous_5)
FN:90,(anonymous_6)
FN:98,(anonymous_7)
FN:134,(anonymous_8)
FN:143,User
FNF:10
FNH:8
FNDA:1,(anonymous_0)
FNDA:0,(anonymous_1)
FNDA:6,UserContent
FNDA:1,(anonymous_3)
FNDA:1,(anonymous_4)
FNDA:21,(anonymous_5)
FNDA:1,(anonymous_6)
FNDA:1,(anonymous_7)
FNDA:9,(anonymous_8)
FNDA:0,User
DA:12,1
DA:13,1
DA:18,0
DA:19,0
DA:20,0
DA:23,1
DA:24,0
DA:25,0
DA:26,0
DA:31,0
DA:38,6
DA:39,6
DA:40,6
DA:42,6
DA:43,1
DA:44,1
DA:45,1
DA:49,6
DA:50,1
DA:53,6
DA:88,21
DA:91,1
DA:92,1
DA:94,0
DA:99,1
DA:100,1
DA:102,0
DA:110,6
DA:112,6
DA:113,5
DA:114,5
DA:115,1
DA:116,1
DA:119,6
DA:121,6
DA:134,9
DA:144,0
LF:37
LH:27
BRDA:25,0,0,0
BRDA:25,0,1,0
BRDA:37,1,0,0
BRDA:37,2,0,0
BRDA:44,3,0,1
BRDA:44,3,1,0
BRDA:91,4,0,1
BRDA:91,4,1,0
BRDA:99,5,0,1
BRDA:99,5,1,0
BRDA:112,6,0,5
BRDA:112,6,1,1
BRDA:112,7,0,6
BRDA:112,7,1,6
BRDA:115,8,0,1
BRDA:115,8,1,0
BRDA:115,9,0,1
BRDA:115,9,1,1
BRDA:133,10,0,6
BRDA:133,10,1,0
BRF:20
BRH:11
end_of_record
TN:
SF:/home/gustaf/git/dbwebb-kurser/pattern/test/src/view/admin/pages/userDetail.js
FN:9,UserDetailContent
FN:27,(anonymous_1)
FN:42,(anonymous_2)
FN:56,(anonymous_3)
FN:65,(anonymous_4)
FN:66,(anonymous_5)
FN:68,(anonymous_6)
FN:69,(anonymous_7)
FN:70,(anonymous_8)
FN:71,(anonymous_9)
FN:72,(anonymous_10)
FN:79,UserDetail
FNF:12
FNH:8
FNDA:5,UserDetailContent
FNDA:0,(anonymous_1)
FNDA:1,(anonymous_2)
FNDA:1,(anonymous_3)
FNDA:0,(anonymous_4)
FNDA:1,(anonymous_5)
FNDA:1,(anonymous_6)
FNDA:1,(anonymous_7)
FNDA:1,(anonymous_8)
FNDA:1,(anonymous_9)
FNDA:0,(anonymous_10)
FNDA:0,UserDetail
DA:10,5
DA:11,5
DA:14,5
DA:15,0
DA:17,5
DA:19,5
DA:20,5
DA:21,5
DA:22,5
DA:23,5
DA:24,5
DA:25,5
DA:27,5
DA:28,0
DA:39,0
DA:42,5
DA:43,1
DA:46,5
DA:47,2
DA:56,1
DA:60,3
DA:65,0
DA:66,1
DA:68,1
DA:69,1
DA:70,1
DA:71,1
DA:72,0
DA:80,0
LF:29
LH:23
BRDA:9,0,0,0
BRDA:9,1,0,0
BRDA:14,2,0,0
BRDA:14,2,1,5
BRDA:46,3,0,2
BRDA:46,3,1,3
BRDA:71,4,0,0
BRDA:71,4,1,1
BRF:8
BRH:4
end_of_record
